<?xml version="1.0" encoding="UTF-8"?>
<testsuite name="com.sunu.code.MarathonTests" tests="1" skipped="0" failures="0" errors="0" timestamp="2018-10-16T07:43:49" hostname="angrybird.local" time="0.002">
  <properties/>
  <testcase name="execute" classname="com.sunu.code.MarathonTests" time="0.002"/>
  <system-out><![CDATA[2018-10-16 16:43:49.892  INFO 4958 --- [    Test worker] .b.t.c.SpringBootTestContextBootstrapper : Neither @ContextConfiguration nor @ContextHierarchy found for test class [com.sunu.code.MarathonTests], using SpringBootContextLoader
2018-10-16 16:43:49.893  INFO 4958 --- [    Test worker] o.s.t.c.support.AbstractContextLoader    : Could not detect default resource locations for test class [com.sunu.code.MarathonTests]: no resource found for suffixes {-context.xml, Context.groovy}.
2018-10-16 16:43:49.893  INFO 4958 --- [    Test worker] t.c.s.AnnotationConfigContextLoaderUtils : Could not detect default configuration classes for test class [com.sunu.code.MarathonTests]: MarathonTests does not declare any static, non-private, non-final, nested classes annotated with @Configuration.
2018-10-16 16:43:49.894  INFO 4958 --- [    Test worker] .b.t.c.SpringBootTestContextBootstrapper : Found @SpringBootConfiguration com.sunu.code.CodeApplication for test class com.sunu.code.MarathonTests
2018-10-16 16:43:49.895  INFO 4958 --- [    Test worker] .b.t.c.SpringBootTestContextBootstrapper : Loaded default TestExecutionListener class names from location [META-INF/spring.factories]: [org.springframework.boot.test.autoconfigure.restdocs.RestDocsTestExecutionListener, org.springframework.boot.test.autoconfigure.web.client.MockRestServiceServerResetTestExecutionListener, org.springframework.boot.test.autoconfigure.web.servlet.MockMvcPrintOnlyOnFailureTestExecutionListener, org.springframework.boot.test.autoconfigure.web.servlet.WebDriverTestExecutionListener, org.springframework.boot.test.mock.mockito.MockitoTestExecutionListener, org.springframework.boot.test.mock.mockito.ResetMocksTestExecutionListener, org.springframework.test.context.web.ServletTestExecutionListener, org.springframework.test.context.support.DirtiesContextBeforeModesTestExecutionListener, org.springframework.test.context.support.DependencyInjectionTestExecutionListener, org.springframework.test.context.support.DirtiesContextTestExecutionListener, org.springframework.test.context.transaction.TransactionalTestExecutionListener, org.springframework.test.context.jdbc.SqlScriptsTestExecutionListener]
2018-10-16 16:43:49.896  INFO 4958 --- [    Test worker] .b.t.c.SpringBootTestContextBootstrapper : Using TestExecutionListeners: [org.springframework.test.context.web.ServletTestExecutionListener@72238cdd, org.springframework.test.context.support.DirtiesContextBeforeModesTestExecutionListener@2ea61100, org.springframework.boot.test.mock.mockito.MockitoTestExecutionListener@43b8dfac, org.springframework.boot.test.autoconfigure.SpringBootDependencyInjectionTestExecutionListener@50d09815, org.springframework.test.context.support.DirtiesContextTestExecutionListener@3efba3b6, org.springframework.boot.test.autoconfigure.restdocs.RestDocsTestExecutionListener@20cb8b78, org.springframework.boot.test.autoconfigure.web.client.MockRestServiceServerResetTestExecutionListener@258b6572, org.springframework.boot.test.autoconfigure.web.servlet.MockMvcPrintOnlyOnFailureTestExecutionListener@71cf51e6, org.springframework.boot.test.autoconfigure.web.servlet.WebDriverTestExecutionListener@124aba7a, org.springframework.boot.test.mock.mockito.ResetMocksTestExecutionListener@6e267300]
leo
]]></system-out>
  <system-err><![CDATA[]]></system-err>
</testsuite>
